[debug] [2022-01-25T12:48:49.886Z] ----------------------------------------------------------------------
[debug] [2022-01-25T12:48:49.888Z] Command:       /usr/local/bin/node /usr/local/bin/firebase init
[debug] [2022-01-25T12:48:49.888Z] CLI Version:   10.1.2
[debug] [2022-01-25T12:48:49.889Z] Platform:      darwin
[debug] [2022-01-25T12:48:49.889Z] Node Version:  v14.17.4
[debug] [2022-01-25T12:48:49.894Z] Time:          Tue Jan 25 2022 18:18:49 GMT+0530 (India Standard Time)
[debug] [2022-01-25T12:48:49.894Z] ----------------------------------------------------------------------
[debug] 
[debug] [2022-01-25T12:48:49.973Z] > command requires scopes: ["email","openid","https://www.googleapis.com/auth/cloudplatformprojects.readonly","https://www.googleapis.com/auth/firebase","https://www.googleapis.com/auth/cloud-platform"]
[debug] [2022-01-25T12:48:49.973Z] > authorizing via signed-in user (faseem619@gmail.com)
[info] 
     ######## #### ########  ######## ########     ###     ######  ########
     ##        ##  ##     ## ##       ##     ##  ##   ##  ##       ##
     ######    ##  ########  ######   ########  #########  ######  ######
     ##        ##  ##    ##  ##       ##     ## ##     ##       ## ##
     ##       #### ##     ## ######## ########  ##     ##  ######  ########

You're about to initialize a Firebase project in this directory:

  /Users/faseemshanavas/Desktop/Projects

Before we get started, keep in mind:

  * You are initializing within an existing Firebase project directory

[info] 
=== Project Setup
[info] 
[info] First, let's associate this project directory with a Firebase project.
[info] You can create multiple project aliases by running firebase use --add, 
[info] but for now we'll just set up a default project.
[info] 
[debug] [2022-01-25T12:48:56.916Z] Using project from CLI flag: image-resizer-frontend
[debug] [2022-01-25T12:48:56.921Z] > refreshing access token with scopes: []
[debug] [2022-01-25T12:48:56.922Z] >>> HTTP REQUEST POST https://www.googleapis.com/oauth2/v3/token  
 <request body omitted>
[debug] [2022-01-25T12:48:57.149Z] <<< HTTP RESPONSE 200 {"pragma":"no-cache","expires":"Mon, 01 Jan 1990 00:00:00 GMT","cache-control":"no-cache, no-store, max-age=0, must-revalidate","date":"Tue, 25 Jan 2022 12:48:57 GMT","content-type":"application/json; charset=utf-8","vary":"X-Origin, Referer, Origin,Accept-Encoding","server":"scaffolding on HTTPServer2","x-xss-protection":"0","x-frame-options":"SAMEORIGIN","x-content-type-options":"nosniff","alt-svc":"h3=\":443\"; ma=2592000,h3-29=\":443\"; ma=2592000,h3-Q050=\":443\"; ma=2592000,h3-Q046=\":443\"; ma=2592000,h3-Q043=\":443\"; ma=2592000,quic=\":443\"; ma=2592000; v=\"46,43\"","accept-ranges":"none","transfer-encoding":"chunked"}
[debug] [2022-01-25T12:48:57.201Z] >>> [apiv2][query] GET https://firebase.googleapis.com/v1beta1/projects/image-resizer-frontend [none]
[debug] [2022-01-25T12:48:57.871Z] <<< [apiv2][status] GET https://firebase.googleapis.com/v1beta1/projects/image-resizer-frontend 200
[debug] [2022-01-25T12:48:57.872Z] <<< [apiv2][body] GET https://firebase.googleapis.com/v1beta1/projects/image-resizer-frontend {"projectId":"image-resizer-frontend","projectNumber":"535991456111","displayName":"Image-Resizer-frontend","name":"projects/image-resizer-frontend","resources":{"hostingSite":"image-resizer-frontend"},"state":"ACTIVE"}
[info] i  Using project image-resizer-frontend (Image-Resizer-frontend) 
[info] 
=== Hosting Setup
[info] 
[info] Your public directory is the folder (relative to your project directory) that
[info] will contain Hosting assets to be uploaded with firebase deploy. If you
[info] have a build process for your assets, use your build's output directory.
[info] 
[debug] [2022-01-25T12:49:12.846Z] >>> [apiv2][query] GET https://www.gstatic.com/firebasejs/releases.json [none]
[debug] [2022-01-25T12:49:12.974Z] <<< [apiv2][status] GET https://www.gstatic.com/firebasejs/releases.json 200
[debug] [2022-01-25T12:49:12.975Z] <<< [apiv2][body] GET https://www.gstatic.com/firebasejs/releases.json {"current":{"version":"9.6.4","browserURL":"https://www.gstatic.com/firebasejs/9.6.4/firebase.js","packageURL":"https://www.gstatic.com/firebasejs/9.6.4/firebase.tgz"},"live":{"version":"9.6","browserURL":"https://www.gstatic.com/firebasejs/live/9.6/firebase.js","packageURL":"https://www.gstatic.com/firebasejs/live/9.6/firebase.tgz"},"components":{"analytics":"https://www.gstatic.com/firebasejs/9.6.4/firebase-analytics.js","app":"https://www.gstatic.com/firebasejs/9.6.4/firebase-app.js","app-check":"https://www.gstatic.com/firebasejs/9.6.4/firebase-app-check.js","auth":"https://www.gstatic.com/firebasejs/9.6.4/firebase-auth.js","auth/cordova":"https://www.gstatic.com/firebasejs/9.6.4/firebase-auth/cordova.js","auth/react-native":"https://www.gstatic.com/firebasejs/9.6.4/firebase-auth/react-native.js","functions":"https://www.gstatic.com/firebasejs/9.6.4/firebase-functions.js","firestore":"https://www.gstatic.com/firebasejs/9.6.4/firebase-firestore.js","firestore/lite":"https://www.gstatic.com/firebasejs/9.6.4/firebase-firestore/lite.js","storage":"https://www.gstatic.com/firebasejs/9.6.4/firebase-storage.js","performance":"https://www.gstatic.com/firebasejs/9.6.4/firebase-performance.js","remote-config":"https://www.gstatic.com/firebasejs/9.6.4/firebase-remote-config.js","messaging":"https://www.gstatic.com/firebasejs/9.6.4/firebase-messaging.js","messaging/sw":"https://www.gstatic.com/firebasejs/9.6.4/firebase-messaging/sw.js","database":"https://www.gstatic.com/firebasejs/9.6.4/firebase-database.js","firestore.memory":"https://www.gstatic.com/firebasejs/9.6.4/firebase-firestore.memory.js"}}
